<?xml version="1.0" encoding="UTF-8"?>
<!-- Generated by org.testng.reporters.JUnitXMLReporter -->
<testsuite ignored="0" hostname="Marias-MacBook-Pro.local" failures="0" tests="10" name="Command line test" time="28.427" errors="0" timestamp="2022-05-18T21:19:39 MDT">
  <testcase classname="WebTest" name="testBrowseLanguages" time="3.443"/>
  <testcase classname="WebTest" name="testButton09" time="3.018"/>
  <testcase classname="WebTest" name="testClickMenuButton" time="3.03"/>
  <testcase classname="WebTest" name="testConfirmHeader" time="2.48"/>
  <testcase classname="WebTest" name="testConfirmText" time="2.516"/>
  <testcase classname="WebTest" name="testErrorMassage" time="3.044"/>
  <testcase classname="WebTest" name="testLanguageButton" time="2.32"/>
  <testcase classname="WebTest" name="testSearchLanguagesAPlus" time="3.226"/>
  <testcase classname="WebTest" name="testSubmitLanguageError" time="2.883"/>
  <testcase classname="WebTest" name="testTeamContent" time="2.425"/>
</testsuite> <!-- Command line test -->
