<?xml version="1.0" encoding="UTF-8"?>
<!-- Generated by org.testng.reporters.JUnitXMLReporter -->
<testsuite ignored="0" hostname="Marias-MacBook-Pro.local" failures="0" tests="12" name="Command line test" time="40.249" errors="0" timestamp="2022-05-20T10:34:16 MDT">
  <testcase classname="WebTest" name="testBrowseLanguages" time="8.393"/>
  <testcase classname="WebTest" name="testButton09" time="3.203"/>
  <testcase classname="WebTest" name="testClickMenuButton" time="2.942"/>
  <testcase classname="WebTest" name="testConfirmHeader" time="2.815"/>
  <testcase classname="WebTest" name="testConfirmNoComments" time="3.399"/>
  <testcase classname="WebTest" name="testConfirmText" time="2.572"/>
  <testcase classname="WebTest" name="testErrorMassage" time="3.219"/>
  <testcase classname="WebTest" name="testImportantWordLayout" time="2.52"/>
  <testcase classname="WebTest" name="testLanguageButton" time="2.418"/>
  <testcase classname="WebTest" name="testSearchLanguagesAPlus" time="3.278"/>
  <testcase classname="WebTest" name="testSubmitLanguageError" time="3.1"/>
  <testcase classname="WebTest" name="testTeamContent" time="2.343"/>
</testsuite> <!-- Command line test -->
