<?xml version="1.0" encoding="UTF-8"?>
<testng-results ignored="0" total="10" passed="10" failed="0" skipped="0">
  <reporter-output>
  </reporter-output>
  <suite started-at="2022-05-18T21:19:10 MDT" name="WebTest" finished-at="2022-05-18T21:19:39 MDT" duration-ms="28427">
    <groups>
    </groups>
    <test started-at="2022-05-18T21:19:10 MDT" name="Command line test" finished-at="2022-05-18T21:19:39 MDT" duration-ms="28427">
      <class name="WebTest">
        <test-method signature="testBrowseLanguages()[pri:0, instance:WebTest@5e82df6a]" started-at="2022-05-18T21:19:10 MDT" name="testBrowseLanguages" finished-at="2022-05-18T21:19:14 MDT" duration-ms="3443" status="PASS">
          <reporter-output>
          </reporter-output>
        </test-method> <!-- testBrowseLanguages -->
        <test-method signature="testButton09()[pri:0, instance:WebTest@5e82df6a]" started-at="2022-05-18T21:19:14 MDT" name="testButton09" finished-at="2022-05-18T21:19:17 MDT" duration-ms="3018" status="PASS">
          <reporter-output>
          </reporter-output>
        </test-method> <!-- testButton09 -->
        <test-method signature="testClickMenuButton()[pri:0, instance:WebTest@5e82df6a]" started-at="2022-05-18T21:19:17 MDT" name="testClickMenuButton" finished-at="2022-05-18T21:19:20 MDT" duration-ms="3030" status="PASS">
          <reporter-output>
          </reporter-output>
        </test-method> <!-- testClickMenuButton -->
        <test-method signature="testConfirmHeader()[pri:0, instance:WebTest@5e82df6a]" started-at="2022-05-18T21:19:20 MDT" name="testConfirmHeader" finished-at="2022-05-18T21:19:22 MDT" duration-ms="2480" status="PASS">
          <reporter-output>
          </reporter-output>
        </test-method> <!-- testConfirmHeader -->
        <test-method signature="testConfirmText()[pri:0, instance:WebTest@5e82df6a]" started-at="2022-05-18T21:19:22 MDT" name="testConfirmText" finished-at="2022-05-18T21:19:25 MDT" duration-ms="2516" status="PASS">
          <reporter-output>
          </reporter-output>
        </test-method> <!-- testConfirmText -->
        <test-method signature="testErrorMassage()[pri:0, instance:WebTest@5e82df6a]" started-at="2022-05-18T21:19:25 MDT" name="testErrorMassage" finished-at="2022-05-18T21:19:28 MDT" duration-ms="3044" status="PASS">
          <reporter-output>
          </reporter-output>
        </test-method> <!-- testErrorMassage -->
        <test-method signature="testLanguageButton()[pri:0, instance:WebTest@5e82df6a]" started-at="2022-05-18T21:19:28 MDT" name="testLanguageButton" finished-at="2022-05-18T21:19:30 MDT" duration-ms="2320" status="PASS">
          <reporter-output>
          </reporter-output>
        </test-method> <!-- testLanguageButton -->
        <test-method signature="testSearchLanguagesAPlus()[pri:0, instance:WebTest@5e82df6a]" started-at="2022-05-18T21:19:30 MDT" name="testSearchLanguagesAPlus" finished-at="2022-05-18T21:19:33 MDT" duration-ms="3226" status="PASS">
          <reporter-output>
          </reporter-output>
        </test-method> <!-- testSearchLanguagesAPlus -->
        <test-method signature="testSubmitLanguageError()[pri:0, instance:WebTest@5e82df6a]" started-at="2022-05-18T21:19:33 MDT" name="testSubmitLanguageError" finished-at="2022-05-18T21:19:36 MDT" duration-ms="2883" status="PASS">
          <reporter-output>
          </reporter-output>
        </test-method> <!-- testSubmitLanguageError -->
        <test-method signature="testTeamContent()[pri:0, instance:WebTest@5e82df6a]" started-at="2022-05-18T21:19:36 MDT" name="testTeamContent" finished-at="2022-05-18T21:19:39 MDT" duration-ms="2425" status="PASS">
          <reporter-output>
          </reporter-output>
        </test-method> <!-- testTeamContent -->
      </class> <!-- WebTest -->
    </test> <!-- Command line test -->
  </suite> <!-- WebTest -->
</testng-results>
