<?xml version="1.0" encoding="UTF-8"?>
<!-- Generated by org.testng.reporters.JUnitReportReporter -->
<testsuite hostname="Marias-MacBook-Pro.local" failures="0" tests="10" name="WebTest" time="28.385" errors="0" timestamp="2022-05-18T21:19:39 MDT" skipped="0">
  <testcase classname="WebTest" name="testConfirmHeader" time="2.480"/>
  <system-out/>
  <testcase classname="WebTest" name="testBrowseLanguages" time="3.443"/>
  <system-out/>
  <testcase classname="WebTest" name="testConfirmText" time="2.516"/>
  <system-out/>
  <testcase classname="WebTest" name="testSearchLanguagesAPlus" time="3.226"/>
  <system-out/>
  <testcase classname="WebTest" name="testSubmitLanguageError" time="2.883"/>
  <system-out/>
  <testcase classname="WebTest" name="testTeamContent" time="2.425"/>
  <system-out/>
  <testcase classname="WebTest" name="testErrorMassage" time="3.044"/>
  <system-out/>
  <testcase classname="WebTest" name="testClickMenuButton" time="3.030"/>
  <system-out/>
  <testcase classname="WebTest" name="testButton09" time="3.018"/>
  <system-out/>
  <testcase classname="WebTest" name="testLanguageButton" time="2.320"/>
  <system-out/>
</testsuite> <!-- WebTest -->
