<?xml version="1.0" encoding="UTF-8"?>
<!-- Generated by org.testng.reporters.JUnitReportReporter -->
<testsuite hostname="Marias-MacBook-Pro.local" failures="0" tests="12" name="WebTest" time="40.202" errors="0" timestamp="2022-05-20T10:34:16 MDT" skipped="0">
  <testcase classname="WebTest" name="testImportantWordLayout" time="2.520"/>
  <system-out/>
  <testcase classname="WebTest" name="testClickMenuButton" time="2.942"/>
  <system-out/>
  <testcase classname="WebTest" name="testTeamContent" time="2.343"/>
  <system-out/>
  <testcase classname="WebTest" name="testLanguageButton" time="2.418"/>
  <system-out/>
  <testcase classname="WebTest" name="testConfirmNoComments" time="3.399"/>
  <system-out/>
  <testcase classname="WebTest" name="testSubmitLanguageError" time="3.100"/>
  <system-out/>
  <testcase classname="WebTest" name="testConfirmText" time="2.572"/>
  <system-out/>
  <testcase classname="WebTest" name="testBrowseLanguages" time="8.393"/>
  <system-out/>
  <testcase classname="WebTest" name="testErrorMassage" time="3.219"/>
  <system-out/>
  <testcase classname="WebTest" name="testConfirmHeader" time="2.815"/>
  <system-out/>
  <testcase classname="WebTest" name="testSearchLanguagesAPlus" time="3.278"/>
  <system-out/>
  <testcase classname="WebTest" name="testButton09" time="3.203"/>
  <system-out/>
</testsuite> <!-- WebTest -->
